<?xml version="1.0" encoding="UTF-8"?>
<!-- Generated by org.testng.reporters.JUnitReportReporter -->
<testsuite skipped="0" hostname="DESKTOP-B8QHPPA" name="com.ort.qa.testcases.CreateCaseBasicCaseDetailTestClass" tests="1" failures="0" timestamp="28 May 2021 14:17:38 GMT" time="49.163" errors="0">
  <testcase name="createCaseFindPatientPageTest" time="49.163" classname="com.ort.qa.testcases.CreateCaseBasicCaseDetailTestClass"/>
</testsuite> <!-- com.ort.qa.testcases.CreateCaseBasicCaseDetailTestClass -->
