<?xml version="1.0" encoding="UTF-8"?>
<!-- Generated by org.testng.reporters.JUnitReportReporter -->
<testsuite skipped="0" hostname="DESKTOP-B8QHPPA" name="com.ort.qa.testcases.SelectFacilityPageTest" tests="1" failures="0" timestamp="21 Jun 2021 05:39:19 GMT" time="33.751" errors="0">
  <testcase name="selectFacilityFromDropdown" time="33.751" classname="com.ort.qa.testcases.SelectFacilityPageTest"/>
</testsuite> <!-- com.ort.qa.testcases.SelectFacilityPageTest -->
