<?xml version="1.0" encoding="UTF-8"?>
<!-- Generated by org.testng.reporters.JUnitReportReporter -->
<testsuite skipped="0" hostname="DESKTOP-B8QHPPA" name="com.ort.qa.testcases.CreateCasePreferenceCardSelectionFlowTest" tests="2" failures="0" timestamp="18 Jun 2021 13:24:38 GMT" time="188.744" errors="0">
  <testcase name="createCasePreferenceCardFlowTest" time="106.264" classname="com.ort.qa.testcases.CreateCasePreferenceCardSelectionFlowTest"/>
  <testcase name="createCasePreferenceCardFlowTest" time="82.480" classname="com.ort.qa.testcases.CreateCasePreferenceCardSelectionFlowTest"/>
</testsuite> <!-- com.ort.qa.testcases.CreateCasePreferenceCardSelectionFlowTest -->
