<?xml version="1.0" encoding="UTF-8"?>
<!-- Generated by org.testng.reporters.JUnitReportReporter -->
<testsuite skipped="0" hostname="DESKTOP-B8QHPPA" name="com.ort.qa.testcases.HCPDashboardPageTest" tests="1" failures="0" timestamp="04 Jun 2021 04:54:21 GMT" time="21.972" errors="0">
  <testcase name="clickNurseSwitchLocationMenu" time="21.972" classname="com.ort.qa.testcases.HCPDashboardPageTest"/>
</testsuite> <!-- com.ort.qa.testcases.HCPDashboardPageTest -->
