<?xml version="1.0" encoding="UTF-8"?>
<!-- Generated by org.testng.reporters.JUnitReportReporter -->
<testsuite skipped="0" hostname="DESKTOP-B8QHPPA" name="com.ort.qa.testcases.NurseDashboardPageTest" tests="21" failures="0" timestamp="31 May 2021 10:11:00 GMT" time="616.852" errors="0">
  <testcase name="verifyDashboardPageTitleTest" time="24.618" classname="com.ort.qa.testcases.NurseDashboardPageTest"/>
  <testcase name="verifyMenuOptionVisibility" time="25.913" classname="com.ort.qa.testcases.NurseDashboardPageTest"/>
  <testcase name="verifyDashboardOptionVisibility" time="26.091" classname="com.ort.qa.testcases.NurseDashboardPageTest"/>
  <testcase name="clickInProcessDashboard" time="30.911" classname="com.ort.qa.testcases.NurseDashboardPageTest"/>
  <testcase name="clickOnHoldDashboard" time="32.368" classname="com.ort.qa.testcases.NurseDashboardPageTest"/>
  <testcase name="clickCartReviewDashboard" time="31.505" classname="com.ort.qa.testcases.NurseDashboardPageTest"/>
  <testcase name="clickCreateCaseDashboard" time="28.159" classname="com.ort.qa.testcases.NurseDashboardPageTest"/>
  <testcase name="clickSearchCaseDashboard" time="28.862" classname="com.ort.qa.testcases.NurseDashboardPageTest"/>
  <testcase name="clickOpenCaseDashboard" time="34.472" classname="com.ort.qa.testcases.NurseDashboardPageTest"/>
  <testcase name="clickORtelligenceDashboard" time="28.614" classname="com.ort.qa.testcases.NurseDashboardPageTest"/>
  <testcase name="clickInProcessMenu" time="29.148" classname="com.ort.qa.testcases.NurseDashboardPageTest"/>
  <testcase name="clickOnHoldMenu" time="27.976" classname="com.ort.qa.testcases.NurseDashboardPageTest"/>
  <testcase name="clickCartReviewMenu" time="30.531" classname="com.ort.qa.testcases.NurseDashboardPageTest"/>
  <testcase name="clickCreateCaseMenu" time="32.644" classname="com.ort.qa.testcases.NurseDashboardPageTest"/>
  <testcase name="clickSearchCaseMenu" time="28.777" classname="com.ort.qa.testcases.NurseDashboardPageTest"/>
  <testcase name="clickOpenCaseMenu" time="28.086" classname="com.ort.qa.testcases.NurseDashboardPageTest"/>
  <testcase name="clickORtelligenceMenu" time="28.169" classname="com.ort.qa.testcases.NurseDashboardPageTest"/>
  <testcase name="clickProfileMenu" time="30.614" classname="com.ort.qa.testcases.NurseDashboardPageTest"/>
  <testcase name="clickNurseSwitchLocationMenu" time="29.124" classname="com.ort.qa.testcases.NurseDashboardPageTest"/>
  <testcase name="clickLogoutMenu" time="31.256" classname="com.ort.qa.testcases.NurseDashboardPageTest"/>
  <testcase name="clickAlertMenu" time="29.014" classname="com.ort.qa.testcases.NurseDashboardPageTest"/>
</testsuite> <!-- com.ort.qa.testcases.NurseDashboardPageTest -->
