<?xml version="1.0" encoding="UTF-8"?>
<!-- Generated by org.testng.reporters.JUnitReportReporter -->
<testsuite skipped="0" hostname="DESKTOP-B8QHPPA" name="com.ort.qa.testcases.CreateCaseFlowPageTest2" tests="18" failures="0" timestamp="23 Jun 2021 10:33:49 GMT" time="499.365" errors="0">
  <testcase name="createCaseFindPatientLongFlowTest" time="55.653" classname="com.ort.qa.testcases.CreateCaseFlowPageTest2"/>
  <testcase name="createCaseFindPatientLongFlowTest" time="55.826" classname="com.ort.qa.testcases.CreateCaseFlowPageTest2"/>
  <testcase name="createCasePreferenceCardFlowTest" time="91.592" classname="com.ort.qa.testcases.CreateCaseFlowPageTest2"/>
  <testcase name="createCasePreferenceCardFlowTest" time="71.113" classname="com.ort.qa.testcases.CreateCaseFlowPageTest2"/>
  <testcase name="createCaseProcedureSelectionFlowTest" time="60.111" classname="com.ort.qa.testcases.CreateCaseFlowPageTest2"/>
  <testcase name="createCaseProcedureSelectionFlowTest" time="60.549" classname="com.ort.qa.testcases.CreateCaseFlowPageTest2"/>
  <testcase name="clickOnSearchCasesLink" time="0.084" classname="com.ort.qa.testcases.CreateCaseFlowPageTest2"/>
  <testcase name="userSearchCases" time="17.009" classname="com.ort.qa.testcases.CreateCaseFlowPageTest2"/>
  <testcase name="clickOnOpenCases" time="0.084" classname="com.ort.qa.testcases.CreateCaseFlowPageTest2"/>
  <testcase name="openCases" time="17.024" classname="com.ort.qa.testcases.CreateCaseFlowPageTest2"/>
  <testcase name="clickOnCartReview" time="0.830" classname="com.ort.qa.testcases.CreateCaseFlowPageTest2"/>
  <testcase name="cartReviewCases" time="17.014" classname="com.ort.qa.testcases.CreateCaseFlowPageTest2"/>
  <testcase name="clickOnORreadyLink" time="0.108" classname="com.ort.qa.testcases.CreateCaseFlowPageTest2"/>
  <testcase name="oRreadyCases" time="17.123" classname="com.ort.qa.testcases.CreateCaseFlowPageTest2"/>
  <testcase name="clickOnInProgressLink" time="0.080" classname="com.ort.qa.testcases.CreateCaseFlowPageTest2"/>
  <testcase name="inProgressCases" time="17.927" classname="com.ort.qa.testcases.CreateCaseFlowPageTest2"/>
  <testcase name="clickOnOnHoldLink" time="0.138" classname="com.ort.qa.testcases.CreateCaseFlowPageTest2"/>
  <testcase name="onHoldCases" time="17.100" classname="com.ort.qa.testcases.CreateCaseFlowPageTest2"/>
</testsuite> <!-- com.ort.qa.testcases.CreateCaseFlowPageTest2 -->
