<?xml version="1.0" encoding="UTF-8"?>
<!-- Generated by org.testng.reporters.JUnitReportReporter -->
<testsuite skipped="0" hostname="DESKTOP-B8QHPPA" name="com.ort.qa.testcases.OpenCasesPageTest" tests="1" failures="0" timestamp="29 Jun 2021 09:29:01 GMT" time="31.332" errors="0">
  <testcase name="openCases" time="31.332" classname="com.ort.qa.testcases.OpenCasesPageTest"/>
</testsuite> <!-- com.ort.qa.testcases.OpenCasesPageTest -->
