<?xml version="1.0" encoding="UTF-8"?>
<!-- Generated by org.testng.reporters.JUnitReportReporter -->
<testsuite skipped="0" hostname="DESKTOP-B8QHPPA" name="com.ort.qa.testcases.SelectFacilityPageTest" tests="1" failures="0" timestamp="12 Jul 2021 12:27:03 GMT" time="27.888" errors="0">
  <testcase name="selectFacilityFromDropdown" time="27.888" classname="com.ort.qa.testcases.SelectFacilityPageTest"/>
</testsuite> <!-- com.ort.qa.testcases.SelectFacilityPageTest -->
