<?xml version="1.0" encoding="UTF-8"?>
<!-- Generated by org.testng.reporters.JUnitReportReporter -->
<testsuite hostname="LAPTOP-JFAC87I6" failures="0" tests="1" name="com.ort.qa.testcases.CreateCaseFlowPageTest" time="63.610" errors="0" timestamp="24 Jul 2021 08:58:42 GMT" skipped="0">
  <testcase classname="com.ort.qa.testcases.CreateCaseFlowPageTest" name="createCaseProcedureSelectionFlowTest" time="63.610"/>
</testsuite> <!-- com.ort.qa.testcases.CreateCaseFlowPageTest -->
