<?xml version="1.0" encoding="UTF-8"?>
<!-- Generated by org.testng.reporters.JUnitReportReporter -->
<testsuite skipped="0" hostname="DESKTOP-B8QHPPA" name="com.ort.qa.testcases.NurseDashboardPageTest" tests="1" failures="0" timestamp="07 Jul 2021 06:04:43 GMT" time="39.439" errors="0">
  <testcase name="clickInProcessDashboard" time="39.439" classname="com.ort.qa.testcases.NurseDashboardPageTest"/>
</testsuite> <!-- com.ort.qa.testcases.NurseDashboardPageTest -->
