<?xml version="1.0" encoding="UTF-8"?>
<!-- Generated by org.testng.reporters.JUnitReportReporter -->
<testsuite skipped="0" hostname="DESKTOP-B8QHPPA" name="com.ort.qa.testcases.CreateCaseProcedureSelectionFlowTest" tests="2" failures="0" timestamp="16 Jun 2021 10:29:36 GMT" time="160.543" errors="0">
  <testcase name="createCaseProcedureSelectionFlowTest" time="70.948" classname="com.ort.qa.testcases.CreateCaseProcedureSelectionFlowTest"/>
  <testcase name="createCaseProcedureSelectionFlowTest" time="89.595" classname="com.ort.qa.testcases.CreateCaseProcedureSelectionFlowTest"/>
</testsuite> <!-- com.ort.qa.testcases.CreateCaseProcedureSelectionFlowTest -->
