<?xml version="1.0" encoding="UTF-8"?>
<!-- Generated by org.testng.reporters.JUnitReportReporter -->
<testsuite skipped="0" hostname="DESKTOP-B8QHPPA" name="com.ort.qa.testcases.SearchPatientPageTest" tests="9" failures="0" timestamp="04 Jun 2021 11:42:37 GMT" time="317.558" errors="0">
  <testcase name="VeriyfSearchPatientFormOptions" time="30.174" classname="com.ort.qa.testcases.SearchPatientPageTest"/>
  <testcase name="searchPatient1" time="41.246" classname="com.ort.qa.testcases.SearchPatientPageTest"/>
  <testcase name="searchPatient2" time="35.570" classname="com.ort.qa.testcases.SearchPatientPageTest"/>
  <testcase name="searchPatient3" time="35.603" classname="com.ort.qa.testcases.SearchPatientPageTest"/>
  <testcase name="searchPatient4" time="36.776" classname="com.ort.qa.testcases.SearchPatientPageTest"/>
  <testcase name="searchPatient5" time="35.205" classname="com.ort.qa.testcases.SearchPatientPageTest"/>
  <testcase name="searchPatient6" time="35.088" classname="com.ort.qa.testcases.SearchPatientPageTest"/>
  <testcase name="searchPatient7" time="33.673" classname="com.ort.qa.testcases.SearchPatientPageTest"/>
  <testcase name="searchPatient8" time="34.223" classname="com.ort.qa.testcases.SearchPatientPageTest"/>
</testsuite> <!-- com.ort.qa.testcases.SearchPatientPageTest -->
