<?xml version="1.0" encoding="UTF-8"?>
<!-- Generated by org.testng.reporters.JUnitReportReporter -->
<testsuite skipped="0" hostname="DESKTOP-B8QHPPA" name="com.ort.qa.testcases.CreateCaseBasicDetailsTest" tests="1" failures="0" timestamp="20 May 2021 15:19:16 GMT" time="79.789" errors="0">
  <testcase name="LoginTest" time="79.789" classname="com.ort.qa.testcases.CreateCaseBasicDetailsTest"/>
</testsuite> <!-- com.ort.qa.testcases.CreateCaseBasicDetailsTest -->
