<?xml version="1.0" encoding="UTF-8"?>
<!-- Generated by org.testng.reporters.JUnitReportReporter -->
<testsuite skipped="0" hostname="DESKTOP-B8QHPPA" name="com.ort.qa.testcases.OnHoldPageTest" tests="2" failures="0" timestamp="24 Jun 2021 13:30:19 GMT" time="29.762" errors="0">
  <testcase name="openCases" time="14.867" classname="com.ort.qa.testcases.OnHoldPageTest"/>
  <testcase name="openCases" time="14.895" classname="com.ort.qa.testcases.OnHoldPageTest"/>
</testsuite> <!-- com.ort.qa.testcases.OnHoldPageTest -->
