<?xml version="1.0" encoding="UTF-8"?>
<!-- Generated by org.testng.reporters.JUnitReportReporter -->
<testsuite skipped="0" hostname="DESKTOP-B8QHPPA" name="com.ort.qa.testcases.SPDCaseQueuePageTest" tests="1" failures="0" timestamp="22 Jun 2021 14:29:05 GMT" time="51.624" errors="0">
  <testcase name="searchPatient" time="51.624" classname="com.ort.qa.testcases.SPDCaseQueuePageTest"/>
</testsuite> <!-- com.ort.qa.testcases.SPDCaseQueuePageTest -->
